{
  "uid" : "ce8ddc830212dc79",
  "name" : "checkOperation[0]",
  "title" : "Testing string from file",
  "time" : {
    "start" : 1458016933971,
    "stop" : 1458016934183,
    "duration" : 212
  },
  "summary" : {
    "attachments" : 0,
    "steps" : 2
  },
  "failure" : {
    "message" : "AssertionError: Invalid arithmetic operation: 4",
    "stackTrace" : "java.lang.AssertionError: Invalid arithmetic operation: 4\n\tat org.junit.Assert.fail(Assert.java:88)\n\tat ru.sber.operandtest.TestingArithmetic.getResult(TestingArithmetic.java:86)\n\tat ru.sber.operandtest.TestingArithmetic.checkOperation(TestingArithmetic.java:60)\n\tat sun.reflect.NativeMethodAccessorImpl.invoke0(Native Method)\n\tat sun.reflect.NativeMethodAccessorImpl.invoke(NativeMethodAccessorImpl.java:57)\n\tat sun.reflect.DelegatingMethodAccessorImpl.invoke(DelegatingMethodAccessorImpl.java:43)\n\tat java.lang.reflect.Method.invoke(Method.java:606)\n\tat org.junit.runners.model.FrameworkMethod$1.runReflectiveCall(FrameworkMethod.java:50)\n\tat org.junit.internal.runners.model.ReflectiveCallable.run(ReflectiveCallable.java:12)\n\tat org.junit.runners.model.FrameworkMethod.invokeExplosively(FrameworkMethod.java:47)\n\tat org.junit.internal.runners.statements.InvokeMethod.evaluate(InvokeMethod.java:17)\n\tat org.junit.runners.ParentRunner.runLeaf(ParentRunner.java:325)\n\tat org.junit.runners.BlockJUnit4ClassRunner.runChild(BlockJUnit4ClassRunner.java:78)\n\tat org.junit.runners.BlockJUnit4ClassRunner.runChild(BlockJUnit4ClassRunner.java:57)\n\tat org.junit.runners.ParentRunner$3.run(ParentRunner.java:290)\n\tat org.junit.runners.ParentRunner$1.schedule(ParentRunner.java:71)\n\tat org.junit.runners.ParentRunner.runChildren(ParentRunner.java:288)\n\tat org.junit.runners.ParentRunner.access$000(ParentRunner.java:58)\n\tat org.junit.runners.ParentRunner$2.evaluate(ParentRunner.java:268)\n\tat org.junit.runners.ParentRunner.run(ParentRunner.java:363)\n\tat org.junit.runners.Suite.runChild(Suite.java:128)\n\tat org.junit.runners.Suite.runChild(Suite.java:27)\n\tat org.junit.runners.ParentRunner$3.run(ParentRunner.java:290)\n\tat org.junit.runners.ParentRunner$1.schedule(ParentRunner.java:71)\n\tat org.junit.runners.ParentRunner.runChildren(ParentRunner.java:288)\n\tat org.junit.runners.ParentRunner.access$000(ParentRunner.java:58)\n\tat org.junit.runners.ParentRunner$2.evaluate(ParentRunner.java:268)\n\tat org.junit.runners.ParentRunner.run(ParentRunner.java:363)\n\tat org.apache.maven.surefire.junit4.JUnit4Provider.execute(JUnit4Provider.java:283)\n\tat org.apache.maven.surefire.junit4.JUnit4Provider.executeWithRerun(JUnit4Provider.java:173)\n\tat org.apache.maven.surefire.junit4.JUnit4Provider.executeTestSet(JUnit4Provider.java:153)\n\tat org.apache.maven.surefire.junit4.JUnit4Provider.invoke(JUnit4Provider.java:128)\n\tat org.apache.maven.surefire.booter.ForkedBooter.invokeProviderInSameClassLoader(ForkedBooter.java:203)\n\tat org.apache.maven.surefire.booter.ForkedBooter.runSuitesInProcess(ForkedBooter.java:155)\n\tat org.apache.maven.surefire.booter.ForkedBooter.main(ForkedBooter.java:103)\n"
  },
  "description" : null,
  "severity" : "NORMAL",
  "status" : "FAILED",
  "testId" : null,
  "suite" : {
    "uid" : "81fc63bed48dd45d",
    "name" : "ru.sber.operandtest.TestingArithmetic",
    "title" : "Testing arithmetic"
  },
  "steps" : [ {
    "name" : "getString[1, 2, 1.0, 4]",
    "title" : "Checking string 142=1",
    "time" : {
      "start" : 1458016934149,
      "stop" : 1458016934151,
      "duration" : 2
    },
    "summary" : {
      "attachments" : 0,
      "steps" : 0
    },
    "status" : "PASSED",
    "attachments" : [ ],
    "steps" : [ ]
  }, {
    "name" : "getResult[1, 2]",
    "title" : "Calculation result...",
    "time" : {
      "start" : 1458016934156,
      "stop" : 1458016934158,
      "duration" : 2
    },
    "summary" : {
      "attachments" : 0,
      "steps" : 0
    },
    "status" : "FAILED",
    "attachments" : [ ],
    "steps" : [ ]
  } ],
  "attachments" : [ ],
  "issues" : [ ],
  "labels" : [ {
    "name" : "host",
    "value" : "nt08"
  }, {
    "name" : "thread",
    "value" : "10053@nt08.main(1)"
  }, {
    "name" : "suite-name",
    "value" : "ru.sber.operandtest.TestingArithmetic"
  }, {
    "name" : "suite-title",
    "value" : null
  }, {
    "name" : "framework",
    "value" : "JUnit"
  }, {
    "name" : "language",
    "value" : "JAVA"
  } ],
  "parameters" : [ ]
}